Symfony\Component\DependencyInjection\Compiler\ResolveChildDefinitionsPass: Resolving inheritance for ".instanceof.Symfony\Contracts\Service\ServiceSubscriberInterface.0.App\UserInterface\Answers\CreateAnswerController" (parent: .abstract.instanceof.App\UserInterface\Answers\CreateAnswerController).
Symfony\Component\DependencyInjection\Compiler\ResolveChildDefinitionsPass: Resolving inheritance for ".instanceof.Symfony\Bundle\FrameworkBundle\Controller\AbstractController.0.App\UserInterface\Answers\CreateAnswerController" (parent: .instanceof.Symfony\Contracts\Service\ServiceSubscriberInterface.0.App\UserInterface\Answers\CreateAnswerController).
Symfony\Component\DependencyInjection\Compiler\ResolveChildDefinitionsPass: Resolving inheritance for "App\UserInterface\Answers\CreateAnswerController" (parent: .instanceof.Symfony\Bundle\FrameworkBundle\Controller\AbstractController.0.App\UserInterface\Answers\CreateAnswerController).
Symfony\Component\DependencyInjection\Compiler\ResolveChildDefinitionsPass: Resolving inheritance for ".instanceof.Symfony\Contracts\Service\ServiceSubscriberInterface.0.App\UserInterface\Answers\DeleteAnswerController" (parent: .abstract.instanceof.App\UserInterface\Answers\DeleteAnswerController).
Symfony\Component\DependencyInjection\Compiler\ResolveChildDefinitionsPass: Resolving inheritance for ".instanceof.Symfony\Bundle\FrameworkBundle\Controller\AbstractController.0.App\UserInterface\Answers\DeleteAnswerController" (parent: .instanceof.Symfony\Contracts\Service\ServiceSubscriberInterface.0.App\UserInterface\Answers\DeleteAnswerController).
Symfony\Component\DependencyInjection\Compiler\ResolveChildDefinitionsPass: Resolving inheritance for "App\UserInterface\Answers\DeleteAnswerController" (parent: .instanceof.Symfony\Bundle\FrameworkBundle\Controller\AbstractController.0.App\UserInterface\Answers\DeleteAnswerController).
Symfony\Component\DependencyInjection\Compiler\ResolveChildDefinitionsPass: Resolving inheritance for ".instanceof.Symfony\Contracts\Service\ServiceSubscriberInterface.0.App\UserInterface\Answers\GetSpecificAnswerController" (parent: .abstract.instanceof.App\UserInterface\Answers\GetSpecificAnswerController).
Symfony\Component\DependencyInjection\Compiler\ResolveChildDefinitionsPass: Resolving inheritance for ".instanceof.Symfony\Bundle\FrameworkBundle\Controller\AbstractController.0.App\UserInterface\Answers\GetSpecificAnswerController" (parent: .instanceof.Symfony\Contracts\Service\ServiceSubscriberInterface.0.App\UserInterface\Answers\GetSpecificAnswerController).
Symfony\Component\DependencyInjection\Compiler\ResolveChildDefinitionsPass: Resolving inheritance for "App\UserInterface\Answers\GetSpecificAnswerController" (parent: .instanceof.Symfony\Bundle\FrameworkBundle\Controller\AbstractController.0.App\UserInterface\Answers\GetSpecificAnswerController).
Symfony\Component\DependencyInjection\Compiler\ResolveChildDefinitionsPass: Resolving inheritance for ".instanceof.Symfony\Contracts\Service\ServiceSubscriberInterface.0.App\UserInterface\Answers\SetAcceptAnswerController" (parent: .abstract.instanceof.App\UserInterface\Answers\SetAcceptAnswerController).
Symfony\Component\DependencyInjection\Compiler\ResolveChildDefinitionsPass: Resolving inheritance for ".instanceof.Symfony\Bundle\FrameworkBundle\Controller\AbstractController.0.App\UserInterface\Answers\SetAcceptAnswerController" (parent: .instanceof.Symfony\Contracts\Service\ServiceSubscriberInterface.0.App\UserInterface\Answers\SetAcceptAnswerController).
Symfony\Component\DependencyInjection\Compiler\ResolveChildDefinitionsPass: Resolving inheritance for "App\UserInterface\Answers\SetAcceptAnswerController" (parent: .instanceof.Symfony\Bundle\FrameworkBundle\Controller\AbstractController.0.App\UserInterface\Answers\SetAcceptAnswerController).
Symfony\Component\DependencyInjection\Compiler\ResolveChildDefinitionsPass: Resolving inheritance for ".instanceof.Symfony\Contracts\Service\ServiceSubscriberInterface.0.App\UserInterface\Answers\UpdateAnswerController" (parent: .abstract.instanceof.App\UserInterface\Answers\UpdateAnswerController).
Symfony\Component\DependencyInjection\Compiler\ResolveChildDefinitionsPass: Resolving inheritance for ".instanceof.Symfony\Bundle\FrameworkBundle\Controller\AbstractController.0.App\UserInterface\Answers\UpdateAnswerController" (parent: .instanceof.Symfony\Contracts\Service\ServiceSubscriberInterface.0.App\UserInterface\Answers\UpdateAnswerController).
Symfony\Component\DependencyInjection\Compiler\ResolveChildDefinitionsPass: Resolving inheritance for "App\UserInterface\Answers\UpdateAnswerController" (parent: .instanceof.Symfony\Bundle\FrameworkBundle\Controller\AbstractController.0.App\UserInterface\Answers\UpdateAnswerController).
Symfony\Component\DependencyInjection\Compiler\ResolveChildDefinitionsPass: Resolving inheritance for ".instanceof.Symfony\Contracts\Service\ServiceSubscriberInterface.0.App\UserInterface\Answers\VoteAnswerController" (parent: .abstract.instanceof.App\UserInterface\Answers\VoteAnswerController).
Symfony\Component\DependencyInjection\Compiler\ResolveChildDefinitionsPass: Resolving inheritance for ".instanceof.Symfony\Bundle\FrameworkBundle\Controller\AbstractController.0.App\UserInterface\Answers\VoteAnswerController" (parent: .instanceof.Symfony\Contracts\Service\ServiceSubscriberInterface.0.App\UserInterface\Answers\VoteAnswerController).
Symfony\Component\DependencyInjection\Compiler\ResolveChildDefinitionsPass: Resolving inheritance for "App\UserInterface\Answers\VoteAnswerController" (parent: .instanceof.Symfony\Bundle\FrameworkBundle\Controller\AbstractController.0.App\UserInterface\Answers\VoteAnswerController).
Symfony\Component\DependencyInjection\Compiler\ResolveChildDefinitionsPass: Resolving inheritance for ".instanceof.Symfony\Component\Console\Command\Command.0.App\UserInterface\Command\UserManagement\OAuth2\OAuth2ClientsCreateCommand" (parent: .abstract.instanceof.App\UserInterface\Command\UserManagement\OAuth2\OAuth2ClientsCreateCommand).
Symfony\Component\DependencyInjection\Compiler\ResolveChildDefinitionsPass: Resolving inheritance for "App\UserInterface\Command\UserManagement\OAuth2\OAuth2ClientsCreateCommand" (parent: .instanceof.Symfony\Component\Console\Command\Command.0.App\UserInterface\Command\UserManagement\OAuth2\OAuth2ClientsCreateCommand).
Symfony\Component\DependencyInjection\Compiler\ResolveChildDefinitionsPass: Resolving inheritance for ".instanceof.Symfony\Component\Console\Command\Command.0.App\UserInterface\Command\UserManagement\UsersCreateCommand" (parent: .abstract.instanceof.App\UserInterface\Command\UserManagement\UsersCreateCommand).
Symfony\Component\DependencyInjection\Compiler\ResolveChildDefinitionsPass: Resolving inheritance for "App\UserInterface\Command\UserManagement\UsersCreateCommand" (parent: .instanceof.Symfony\Component\Console\Command\Command.0.App\UserInterface\Command\UserManagement\UsersCreateCommand).
Symfony\Component\DependencyInjection\Compiler\ResolveChildDefinitionsPass: Resolving inheritance for ".instanceof.Symfony\Component\Console\Command\Command.0.App\UserInterface\Command\UserManagement\UsersRemoveCommand" (parent: .abstract.instanceof.App\UserInterface\Command\UserManagement\UsersRemoveCommand).
Symfony\Component\DependencyInjection\Compiler\ResolveChildDefinitionsPass: Resolving inheritance for "App\UserInterface\Command\UserManagement\UsersRemoveCommand" (parent: .instanceof.Symfony\Component\Console\Command\Command.0.App\UserInterface\Command\UserManagement\UsersRemoveCommand).
Symfony\Component\DependencyInjection\Compiler\ResolveChildDefinitionsPass: Resolving inheritance for ".instanceof.Symfony\Contracts\Service\ServiceSubscriberInterface.0.App\UserInterface\PagesController" (parent: .abstract.instanceof.App\UserInterface\PagesController).
Symfony\Component\DependencyInjection\Compiler\ResolveChildDefinitionsPass: Resolving inheritance for ".instanceof.Symfony\Bundle\FrameworkBundle\Controller\AbstractController.0.App\UserInterface\PagesController" (parent: .instanceof.Symfony\Contracts\Service\ServiceSubscriberInterface.0.App\UserInterface\PagesController).
Symfony\Component\DependencyInjection\Compiler\ResolveChildDefinitionsPass: Resolving inheritance for "App\UserInterface\PagesController" (parent: .instanceof.Symfony\Bundle\FrameworkBundle\Controller\AbstractController.0.App\UserInterface\PagesController).
Symfony\Component\DependencyInjection\Compiler\ResolveChildDefinitionsPass: Resolving inheritance for ".instanceof.Symfony\Contracts\Service\ServiceSubscriberInterface.0.App\UserInterface\Questions\CreateQuestionController" (parent: .abstract.instanceof.App\UserInterface\Questions\CreateQuestionController).
Symfony\Component\DependencyInjection\Compiler\ResolveChildDefinitionsPass: Resolving inheritance for ".instanceof.Symfony\Bundle\FrameworkBundle\Controller\AbstractController.0.App\UserInterface\Questions\CreateQuestionController" (parent: .instanceof.Symfony\Contracts\Service\ServiceSubscriberInterface.0.App\UserInterface\Questions\CreateQuestionController).
Symfony\Component\DependencyInjection\Compiler\ResolveChildDefinitionsPass: Resolving inheritance for "App\UserInterface\Questions\CreateQuestionController" (parent: .instanceof.Symfony\Bundle\FrameworkBundle\Controller\AbstractController.0.App\UserInterface\Questions\CreateQuestionController).
Symfony\Component\DependencyInjection\Compiler\ResolveChildDefinitionsPass: Resolving inheritance for ".instanceof.Symfony\Contracts\Service\ServiceSubscriberInterface.0.App\UserInterface\Questions\DeleteQuestionController" (parent: .abstract.instanceof.App\UserInterface\Questions\DeleteQuestionController).
Symfony\Component\DependencyInjection\Compiler\ResolveChildDefinitionsPass: Resolving inheritance for ".instanceof.Symfony\Bundle\FrameworkBundle\Controller\AbstractController.0.App\UserInterface\Questions\DeleteQuestionController" (parent: .instanceof.Symfony\Contracts\Service\ServiceSubscriberInterface.0.App\UserInterface\Questions\DeleteQuestionController).
Symfony\Component\DependencyInjection\Compiler\ResolveChildDefinitionsPass: Resolving inheritance for "App\UserInterface\Questions\DeleteQuestionController" (parent: .instanceof.Symfony\Bundle\FrameworkBundle\Controller\AbstractController.0.App\UserInterface\Questions\DeleteQuestionController).
Symfony\Component\DependencyInjection\Compiler\ResolveChildDefinitionsPass: Resolving inheritance for ".instanceof.Symfony\Contracts\Service\ServiceSubscriberInterface.0.App\UserInterface\Questions\GetSpecificQuestionController" (parent: .abstract.instanceof.App\UserInterface\Questions\GetSpecificQuestionController).
Symfony\Component\DependencyInjection\Compiler\ResolveChildDefinitionsPass: Resolving inheritance for ".instanceof.Symfony\Bundle\FrameworkBundle\Controller\AbstractController.0.App\UserInterface\Questions\GetSpecificQuestionController" (parent: .instanceof.Symfony\Contracts\Service\ServiceSubscriberInterface.0.App\UserInterface\Questions\GetSpecificQuestionController).
Symfony\Component\DependencyInjection\Compiler\ResolveChildDefinitionsPass: Resolving inheritance for "App\UserInterface\Questions\GetSpecificQuestionController" (parent: .instanceof.Symfony\Bundle\FrameworkBundle\Controller\AbstractController.0.App\UserInterface\Questions\GetSpecificQuestionController).
Symfony\Component\DependencyInjection\Compiler\ResolveChildDefinitionsPass: Resolving inheritance for ".instanceof.Symfony\Contracts\Service\ServiceSubscriberInterface.0.App\UserInterface\Questions\QuestionsListController" (parent: .abstract.instanceof.App\UserInterface\Questions\QuestionsListController).
Symfony\Component\DependencyInjection\Compiler\ResolveChildDefinitionsPass: Resolving inheritance for ".instanceof.Symfony\Bundle\FrameworkBundle\Controller\AbstractController.0.App\UserInterface\Questions\QuestionsListController" (parent: .instanceof.Symfony\Contracts\Service\ServiceSubscriberInterface.0.App\UserInterface\Questions\QuestionsListController).
Symfony\Component\DependencyInjection\Compiler\ResolveChildDefinitionsPass: Resolving inheritance for "App\UserInterface\Questions\QuestionsListController" (parent: .instanceof.Symfony\Bundle\FrameworkBundle\Controller\AbstractController.0.App\UserInterface\Questions\QuestionsListController).
Symfony\Component\DependencyInjection\Compiler\ResolveChildDefinitionsPass: Resolving inheritance for ".instanceof.Symfony\Contracts\Service\ServiceSubscriberInterface.0.App\UserInterface\Questions\UpdateQuestionController" (parent: .abstract.instanceof.App\UserInterface\Questions\UpdateQuestionController).
Symfony\Component\DependencyInjection\Compiler\ResolveChildDefinitionsPass: Resolving inheritance for ".instanceof.Symfony\Bundle\FrameworkBundle\Controller\AbstractController.0.App\UserInterface\Questions\UpdateQuestionController" (parent: .instanceof.Symfony\Contracts\Service\ServiceSubscriberInterface.0.App\UserInterface\Questions\UpdateQuestionController).
Symfony\Component\DependencyInjection\Compiler\ResolveChildDefinitionsPass: Resolving inheritance for "App\UserInterface\Questions\UpdateQuestionController" (parent: .instanceof.Symfony\Bundle\FrameworkBundle\Controller\AbstractController.0.App\UserInterface\Questions\UpdateQuestionController).
Symfony\Component\DependencyInjection\Compiler\ResolveChildDefinitionsPass: Resolving inheritance for ".instanceof.Symfony\Contracts\Service\ServiceSubscriberInterface.0.App\UserInterface\UserManagement\OAuth2\AuthTokenController" (parent: .abstract.instanceof.App\UserInterface\UserManagement\OAuth2\AuthTokenController).
Symfony\Component\DependencyInjection\Compiler\ResolveChildDefinitionsPass: Resolving inheritance for ".instanceof.Symfony\Bundle\FrameworkBundle\Controller\AbstractController.0.App\UserInterface\UserManagement\OAuth2\AuthTokenController" (parent: .instanceof.Symfony\Contracts\Service\ServiceSubscriberInterface.0.App\UserInterface\UserManagement\OAuth2\AuthTokenController).
Symfony\Component\DependencyInjection\Compiler\ResolveChildDefinitionsPass: Resolving inheritance for "App\UserInterface\UserManagement\OAuth2\AuthTokenController" (parent: .instanceof.Symfony\Bundle\FrameworkBundle\Controller\AbstractController.0.App\UserInterface\UserManagement\OAuth2\AuthTokenController).
Symfony\Component\DependencyInjection\Compiler\ResolveChildDefinitionsPass: Resolving inheritance for ".instanceof.Symfony\Contracts\Service\ServiceSubscriberInterface.0.App\UserInterface\UserManagement\UserInfoController" (parent: .abstract.instanceof.App\UserInterface\UserManagement\UserInfoController).
Symfony\Component\DependencyInjection\Compiler\ResolveChildDefinitionsPass: Resolving inheritance for ".instanceof.Symfony\Bundle\FrameworkBundle\Controller\AbstractController.0.App\UserInterface\UserManagement\UserInfoController" (parent: .instanceof.Symfony\Contracts\Service\ServiceSubscriberInterface.0.App\UserInterface\UserManagement\UserInfoController).
Symfony\Component\DependencyInjection\Compiler\ResolveChildDefinitionsPass: Resolving inheritance for "App\UserInterface\UserManagement\UserInfoController" (parent: .instanceof.Symfony\Bundle\FrameworkBundle\Controller\AbstractController.0.App\UserInterface\UserManagement\UserInfoController).
Symfony\Component\DependencyInjection\Compiler\ResolveChildDefinitionsPass: Resolving inheritance for "cache.app" (parent: cache.adapter.filesystem).
Symfony\Component\DependencyInjection\Compiler\ResolveChildDefinitionsPass: Resolving inheritance for "cache.system" (parent: cache.adapter.system).
Symfony\Component\DependencyInjection\Compiler\ResolveChildDefinitionsPass: Resolving inheritance for "cache.validator" (parent: cache.system).
Symfony\Component\DependencyInjection\Compiler\ResolveChildDefinitionsPass: Resolving inheritance for "cache.serializer" (parent: cache.system).
Symfony\Component\DependencyInjection\Compiler\ResolveChildDefinitionsPass: Resolving inheritance for "cache.annotations" (parent: cache.system).
Symfony\Component\DependencyInjection\Compiler\ResolveChildDefinitionsPass: Resolving inheritance for "cache.property_info" (parent: cache.system).
Symfony\Component\DependencyInjection\Compiler\ResolveChildDefinitionsPass: Resolving inheritance for "cache.messenger.restart_workers_signal" (parent: cache.app).
Symfony\Component\DependencyInjection\Compiler\ResolveChildDefinitionsPass: Resolving inheritance for "cache.system_clearer" (parent: cache.default_clearer).
Symfony\Component\DependencyInjection\Compiler\ResolveChildDefinitionsPass: Resolving inheritance for "cache.global_clearer" (parent: cache.default_clearer).
Symfony\Component\DependencyInjection\Compiler\ResolveChildDefinitionsPass: Resolving inheritance for "doctrine.dbal.default_connection.configuration" (parent: doctrine.dbal.connection.configuration).
Symfony\Component\DependencyInjection\Compiler\ResolveChildDefinitionsPass: Resolving inheritance for "doctrine.dbal.logger.profiling.default" (parent: doctrine.dbal.logger.profiling).
Symfony\Component\DependencyInjection\Compiler\ResolveChildDefinitionsPass: Resolving inheritance for "doctrine.dbal.logger.chain.default" (parent: doctrine.dbal.logger.chain).
Symfony\Component\DependencyInjection\Compiler\ResolveChildDefinitionsPass: Resolving inheritance for "doctrine.dbal.default_connection.event_manager" (parent: doctrine.dbal.connection.event_manager).
Symfony\Component\DependencyInjection\Compiler\ResolveChildDefinitionsPass: Resolving inheritance for "doctrine.dbal.default_connection" (parent: doctrine.dbal.connection).
Symfony\Component\DependencyInjection\Compiler\ResolveChildDefinitionsPass: Resolving inheritance for "doctrine.orm.default_configuration" (parent: doctrine.orm.configuration).
Symfony\Component\DependencyInjection\Compiler\ResolveChildDefinitionsPass: Resolving inheritance for "doctrine.orm.default_manager_configurator" (parent: doctrine.orm.manager_configurator.abstract).
Symfony\Component\DependencyInjection\Compiler\ResolveChildDefinitionsPass: Resolving inheritance for "doctrine.orm.default_entity_manager" (parent: doctrine.orm.entity_manager.abstract).
Symfony\Component\DependencyInjection\Compiler\AutowirePass: Skipping service "League\Event\EmitterInterface": Class or interface "League\Event\Emmiter" cannot be loaded.
Symfony\Component\DependencyInjection\Compiler\AutowirePass: Skipping service "App\Application\Questions\QuestionsListQuery": Class or interface "App\Infrastructure\Persistance\Doctrine\Questions\DoctrineQuestionsListQuery" cannot be loaded.
Symfony\Component\HttpKernel\DependencyInjection\RemoveEmptyControllerArgumentLocatorsPass: Removing service-argument resolver for controller "App\UserInterface\Command\UserManagement\OAuth2\OAuth2ClientsCreateCommand::setApplication": no corresponding services exist for the referenced types.
Symfony\Component\HttpKernel\DependencyInjection\RemoveEmptyControllerArgumentLocatorsPass: Removing service-argument resolver for controller "App\UserInterface\Command\UserManagement\UsersCreateCommand::setApplication": no corresponding services exist for the referenced types.
Symfony\Component\HttpKernel\DependencyInjection\RemoveEmptyControllerArgumentLocatorsPass: Removing service-argument resolver for controller "App\UserInterface\Command\UserManagement\UsersRemoveCommand::setApplication": no corresponding services exist for the referenced types.
Symfony\Component\DependencyInjection\Compiler\RemovePrivateAliasesPass: Removed service "Psr\Container\ContainerInterface"; reason: private alias.
Symfony\Component\DependencyInjection\Compiler\RemovePrivateAliasesPass: Removed service "Symfony\Component\DependencyInjection\ContainerInterface"; reason: private alias.
Symfony\Component\DependencyInjection\Compiler\RemovePrivateAliasesPass: Removed service "Psr\Http\Message\RequestFactoryInterface"; reason: private alias.
Symfony\Component\DependencyInjection\Compiler\RemovePrivateAliasesPass: Removed service "Psr\Http\Message\ResponseFactoryInterface"; reason: private alias.
Symfony\Component\DependencyInjection\Compiler\RemovePrivateAliasesPass: Removed service "Psr\Http\Message\ServerRequestFactoryInterface"; reason: private alias.
Symfony\Component\DependencyInjection\Compiler\RemovePrivateAliasesPass: Removed service "Psr\Http\Message\StreamFactoryInterface"; reason: private alias.
Symfony\Component\DependencyInjection\Compiler\RemovePrivateAliasesPass: Removed service "Psr\Http\Message\UploadedFileFactoryInterface"; reason: private alias.
Symfony\Component\DependencyInjection\Compiler\RemovePrivateAliasesPass: Removed service "Psr\Http\Message\UriFactoryInterface"; reason: private alias.
Symfony\Component\DependencyInjection\Compiler\RemovePrivateAliasesPass: Removed service "Http\Message\MessageFactory"; reason: private alias.
Symfony\Component\DependencyInjection\Compiler\RemovePrivateAliasesPass: Removed service "Http\Message\RequestFactory"; reason: private alias.
Symfony\Component\DependencyInjection\Compiler\RemovePrivateAliasesPass: Removed service "Http\Message\ResponseFactory"; reason: private alias.
Symfony\Component\DependencyInjection\Compiler\RemovePrivateAliasesPass: Removed service "Http\Message\StreamFactory"; reason: private alias.
Symfony\Component\DependencyInjection\Compiler\RemovePrivateAliasesPass: Removed service "Http\Message\UriFactory"; reason: private alias.
Symfony\Component\DependencyInjection\Compiler\RemovePrivateAliasesPass: Removed service "users.repository"; reason: private alias.
Symfony\Component\DependencyInjection\Compiler\RemovePrivateAliasesPass: Removed service "clients.repository"; reason: private alias.
Symfony\Component\DependencyInjection\Compiler\RemovePrivateAliasesPass: Removed service "scopes.repository"; reason: private alias.
Symfony\Component\DependencyInjection\Compiler\RemovePrivateAliasesPass: Removed service "access.tokens.repository"; reason: private alias.
Symfony\Component\DependencyInjection\Compiler\RemovePrivateAliasesPass: Removed service "refresh.tokens.repository"; reason: private alias.
Symfony\Component\DependencyInjection\Compiler\RemovePrivateAliasesPass: Removed service "App\Application\Query"; reason: private alias.
Symfony\Component\DependencyInjection\Compiler\RemovePrivateAliasesPass: Removed service "App\Domain\Answers\AnswersRepository"; reason: private alias.
Symfony\Component\DependencyInjection\Compiler\RemovePrivateAliasesPass: Removed service "App\Domain\Events\EventListener"; reason: private alias.
Symfony\Component\DependencyInjection\Compiler\RemovePrivateAliasesPass: Removed service "App\Domain\Events\EventPublisher"; reason: private alias.
Symfony\Component\DependencyInjection\Compiler\RemovePrivateAliasesPass: Removed service "App\Domain\Questions\QuestionsRepository"; reason: private alias.
Symfony\Component\DependencyInjection\Compiler\RemovePrivateAliasesPass: Removed service "App\Domain\Questions\Tag\TagsRepository"; reason: private alias.
Symfony\Component\DependencyInjection\Compiler\RemovePrivateAliasesPass: Removed service "App\Domain\UserManagement\OAuth2\ClientsRepository"; reason: private alias.
Symfony\Component\DependencyInjection\Compiler\RemovePrivateAliasesPass: Removed service "App\Domain\UserManagement\UserIdentifier"; reason: private alias.
Symfony\Component\DependencyInjection\Compiler\RemovePrivateAliasesPass: Removed service "App\Domain\UserManagement\UsersRepository"; reason: private alias.
Symfony\Component\DependencyInjection\Compiler\RemovePrivateAliasesPass: Removed service "App\Domain\Votes\VoteSpecification"; reason: private alias.
Symfony\Component\DependencyInjection\Compiler\RemovePrivateAliasesPass: Removed service "Symfony\Component\DependencyInjection\ParameterBag\ContainerBagInterface"; reason: private alias.
Symfony\Component\DependencyInjection\Compiler\RemovePrivateAliasesPass: Removed service "Symfony\Component\DependencyInjection\ParameterBag\ParameterBagInterface"; reason: private alias.
Symfony\Component\DependencyInjection\Compiler\RemovePrivateAliasesPass: Removed service "Symfony\Component\EventDispatcher\EventDispatcherInterface"; reason: private alias.
Symfony\Component\DependencyInjection\Compiler\RemovePrivateAliasesPass: Removed service "Symfony\Contracts\EventDispatcher\EventDispatcherInterface"; reason: private alias.
Symfony\Component\DependencyInjection\Compiler\RemovePrivateAliasesPass: Removed service "Symfony\Component\HttpKernel\HttpKernelInterface"; reason: private alias.
Symfony\Component\DependencyInjection\Compiler\RemovePrivateAliasesPass: Removed service "Symfony\Component\HttpFoundation\RequestStack"; reason: private alias.
Symfony\Component\DependencyInjection\Compiler\RemovePrivateAliasesPass: Removed service "Symfony\Component\HttpFoundation\UrlHelper"; reason: private alias.
Symfony\Component\DependencyInjection\Compiler\RemovePrivateAliasesPass: Removed service "Symfony\Component\HttpKernel\KernelInterface"; reason: private alias.
Symfony\Component\DependencyInjection\Compiler\RemovePrivateAliasesPass: Removed service "Symfony\Component\Filesystem\Filesystem"; reason: private alias.
Symfony\Component\DependencyInjection\Compiler\RemovePrivateAliasesPass: Removed service "Symfony\Component\HttpKernel\Config\FileLocator"; reason: private alias.
Symfony\Component\DependencyInjection\Compiler\RemovePrivateAliasesPass: Removed service "Symfony\Component\DependencyInjection\ReverseContainer"; reason: private alias.
Symfony\Component\DependencyInjection\Compiler\RemovePrivateAliasesPass: Removed service "Symfony\Component\String\Slugger\SluggerInterface"; reason: private alias.
Symfony\Component\DependencyInjection\Compiler\RemovePrivateAliasesPass: Removed service "error_renderer.html"; reason: private alias.
Symfony\Component\DependencyInjection\Compiler\RemovePrivateAliasesPass: Removed service "error_renderer"; reason: private alias.
Symfony\Component\DependencyInjection\Compiler\RemovePrivateAliasesPass: Removed service "Psr\EventDispatcher\EventDispatcherInterface"; reason: private alias.
Symfony\Component\DependencyInjection\Compiler\RemovePrivateAliasesPass: Removed service "Psr\Container\ContainerInterface $parameterBag"; reason: private alias.
Symfony\Component\DependencyInjection\Compiler\RemovePrivateAliasesPass: Removed service "Psr\Cache\CacheItemPoolInterface"; reason: private alias.
Symfony\Component\DependencyInjection\Compiler\RemovePrivateAliasesPass: Removed service "Symfony\Component\Cache\Adapter\AdapterInterface"; reason: private alias.
Symfony\Component\DependencyInjection\Compiler\RemovePrivateAliasesPass: Removed service "Symfony\Contracts\Cache\CacheInterface"; reason: private alias.
Symfony\Component\DependencyInjection\Compiler\RemovePrivateAliasesPass: Removed service "Symfony\Contracts\Cache\TagAwareCacheInterface"; reason: private alias.
Symfony\Component\DependencyInjection\Compiler\RemovePrivateAliasesPass: Removed service "cache.default_redis_provider"; reason: private alias.
Symfony\Component\DependencyInjection\Compiler\RemovePrivateAliasesPass: Removed service "cache.default_memcached_provider"; reason: private alias.
Symfony\Component\DependencyInjection\Compiler\RemovePrivateAliasesPass: Removed service "cache.default_pdo_provider"; reason: private alias.
Symfony\Component\DependencyInjection\Compiler\RemovePrivateAliasesPass: Removed service "Symfony\Component\HttpFoundation\Session\SessionInterface"; reason: private alias.
Symfony\Component\DependencyInjection\Compiler\RemovePrivateAliasesPass: Removed service "Symfony\Component\HttpFoundation\Session\Storage\SessionStorageInterface"; reason: private alias.
Symfony\Component\DependencyInjection\Compiler\RemovePrivateAliasesPass: Removed service "SessionHandlerInterface"; reason: private alias.
Symfony\Component\DependencyInjection\Compiler\RemovePrivateAliasesPass: Removed service "Symfony\Component\HttpFoundation\Session\Flash\FlashBagInterface"; reason: private alias.
Symfony\Component\DependencyInjection\Compiler\RemovePrivateAliasesPass: Removed service "session.storage.filesystem"; reason: private alias.
Symfony\Component\DependencyInjection\Compiler\RemovePrivateAliasesPass: Removed service "session.storage"; reason: private alias.
Symfony\Component\DependencyInjection\Compiler\RemovePrivateAliasesPass: Removed service "Symfony\Component\HttpKernel\Debug\FileLinkFormatter"; reason: private alias.
Symfony\Component\DependencyInjection\Compiler\RemovePrivateAliasesPass: Removed service "Symfony\Component\Stopwatch\Stopwatch"; reason: private alias.
Symfony\Component\DependencyInjection\Compiler\RemovePrivateAliasesPass: Removed service "Symfony\Component\Routing\RouterInterface"; reason: private alias.
Symfony\Component\DependencyInjection\Compiler\RemovePrivateAliasesPass: Removed service "Symfony\Component\Routing\Generator\UrlGeneratorInterface"; reason: private alias.
Symfony\Component\DependencyInjection\Compiler\RemovePrivateAliasesPass: Removed service "Symfony\Component\Routing\Matcher\UrlMatcherInterface"; reason: private alias.
Symfony\Component\DependencyInjection\Compiler\RemovePrivateAliasesPass: Removed service "Symfony\Component\Routing\RequestContextAwareInterface"; reason: private alias.
Symfony\Component\DependencyInjection\Compiler\RemovePrivateAliasesPass: Removed service "Symfony\Component\Routing\RequestContext"; reason: private alias.
Symfony\Component\DependencyInjection\Compiler\RemovePrivateAliasesPass: Removed service "annotation_reader"; reason: private alias.
Symfony\Component\DependencyInjection\Compiler\RemovePrivateAliasesPass: Removed service "Doctrine\Common\Annotations\Reader"; reason: private alias.
Symfony\Component\DependencyInjection\Compiler\RemovePrivateAliasesPass: Removed service "Doctrine\DBAL\Driver\Connection"; reason: private alias.
Symfony\Component\DependencyInjection\Compiler\RemovePrivateAliasesPass: Removed service "Doctrine\DBAL\Connection"; reason: private alias.
Symfony\Component\DependencyInjection\Compiler\RemovePrivateAliasesPass: Removed service "Doctrine\Persistence\ManagerRegistry"; reason: private alias.
Symfony\Component\DependencyInjection\Compiler\RemovePrivateAliasesPass: Removed service "Doctrine\Common\Persistence\ManagerRegistry"; reason: private alias.
Symfony\Component\DependencyInjection\Compiler\RemovePrivateAliasesPass: Removed service "doctrine.dbal.event_manager"; reason: private alias.
Symfony\Component\DependencyInjection\Compiler\RemovePrivateAliasesPass: Removed service "Doctrine\ORM\EntityManagerInterface"; reason: private alias.
Symfony\Component\DependencyInjection\Compiler\RemovePrivateAliasesPass: Removed service "doctrine.orm.metadata.annotation_reader"; reason: private alias.
Symfony\Component\DependencyInjection\Compiler\RemovePrivateAliasesPass: Removed service "doctrine.orm.default_metadata_cache"; reason: private alias.
Symfony\Component\DependencyInjection\Compiler\RemovePrivateAliasesPass: Removed service "doctrine.orm.default_result_cache"; reason: private alias.
Symfony\Component\DependencyInjection\Compiler\RemovePrivateAliasesPass: Removed service "doctrine.orm.default_query_cache"; reason: private alias.
Symfony\Component\DependencyInjection\Compiler\RemovePrivateAliasesPass: Removed service "doctrine.orm.default_entity_manager.event_manager"; reason: private alias.
Symfony\Component\DependencyInjection\Compiler\RemovePrivateAliasesPass: Removed service "argument_resolver.controller_locator"; reason: private alias.
Symfony\Component\DependencyInjection\Compiler\RemovePrivateAliasesPass: Removed service "Psr\Log\LoggerInterface"; reason: private alias.
Symfony\Component\DependencyInjection\Compiler\RemovePrivateAliasesPass: Removed service "controller_resolver"; reason: private alias.
Symfony\Component\DependencyInjection\Compiler\RemovePrivateAliasesPass: Removed service "argument_resolver"; reason: private alias.
Symfony\Component\DependencyInjection\Compiler\RemovePrivateAliasesPass: Removed service "argument_resolver.request_attribute"; reason: private alias.
Symfony\Component\DependencyInjection\Compiler\RemovePrivateAliasesPass: Removed service "argument_resolver.request"; reason: private alias.
Symfony\Component\DependencyInjection\Compiler\RemovePrivateAliasesPass: Removed service "argument_resolver.session"; reason: private alias.
Symfony\Component\DependencyInjection\Compiler\RemovePrivateAliasesPass: Removed service "sensio_framework_extra.psr7.argument_value_resolver.server_request"; reason: private alias.
Symfony\Component\DependencyInjection\Compiler\RemovePrivateAliasesPass: Removed service "argument_resolver.service"; reason: private alias.
Symfony\Component\DependencyInjection\Compiler\RemovePrivateAliasesPass: Removed service "argument_resolver.default"; reason: private alias.
Symfony\Component\DependencyInjection\Compiler\RemovePrivateAliasesPass: Removed service "argument_resolver.variadic"; reason: private alias.
Symfony\Component\DependencyInjection\Compiler\RemovePrivateAliasesPass: Removed service "argument_resolver.not_tagged_controller"; reason: private alias.
Symfony\Component\DependencyInjection\Compiler\ReplaceAliasByActualDefinitionPass: Changed reference of service "locale_listener" previously pointing to "router.default" to "router".
Symfony\Component\DependencyInjection\Compiler\ReplaceAliasByActualDefinitionPass: Changed reference of service "http_kernel" previously pointing to "debug.event_dispatcher" to "event_dispatcher".
Symfony\Component\DependencyInjection\Compiler\ReplaceAliasByActualDefinitionPass: Changed reference of service "services_resetter" previously pointing to "debug.event_dispatcher" to "event_dispatcher".
Symfony\Component\DependencyInjection\Compiler\ReplaceAliasByActualDefinitionPass: Changed reference of service "fragment.renderer.inline" previously pointing to "debug.event_dispatcher" to "event_dispatcher".
Symfony\Component\DependencyInjection\Compiler\ReplaceAliasByActualDefinitionPass: Changed reference of service "console.command.event_dispatcher_debug" previously pointing to "debug.event_dispatcher" to "event_dispatcher".
Symfony\Component\DependencyInjection\Compiler\ReplaceAliasByActualDefinitionPass: Changed reference of service "console.command.router_debug" previously pointing to "router.default" to "router".
Symfony\Component\DependencyInjection\Compiler\ReplaceAliasByActualDefinitionPass: Changed reference of service "console.command.router_match" previously pointing to "router.default" to "router".
Symfony\Component\DependencyInjection\Compiler\ReplaceAliasByActualDefinitionPass: Changed reference of service "router_listener" previously pointing to "router.default" to "router".
Symfony\Component\DependencyInjection\Compiler\ReplaceAliasByActualDefinitionPass: Changed reference of service "Symfony\Bundle\FrameworkBundle\Controller\RedirectController" previously pointing to "router.default" to "router".
Symfony\Component\DependencyInjection\Compiler\ReplaceAliasByActualDefinitionPass: Changed reference of service ".service_locator.SXie53V" previously pointing to "router.default" to "router".
Symfony\Component\DependencyInjection\Compiler\ReplaceAliasByActualDefinitionPass: Changed reference of service ".service_locator.m90YCjy" previously pointing to "router.default" to "router".
Symfony\Component\DependencyInjection\Compiler\RemoveAbstractDefinitionsPass: Removed service "cache.adapter.system"; reason: abstract.
Symfony\Component\DependencyInjection\Compiler\RemoveAbstractDefinitionsPass: Removed service "cache.adapter.apcu"; reason: abstract.
Symfony\Component\DependencyInjection\Compiler\RemoveAbstractDefinitionsPass: Removed service "cache.adapter.doctrine"; reason: abstract.
Symfony\Component\DependencyInjection\Compiler\RemoveAbstractDefinitionsPass: Removed service "cache.adapter.filesystem"; reason: abstract.
Symfony\Component\DependencyInjection\Compiler\RemoveAbstractDefinitionsPass: Removed service "cache.adapter.psr6"; reason: abstract.
Symfony\Component\DependencyInjection\Compiler\RemoveAbstractDefinitionsPass: Removed service "cache.adapter.redis"; reason: abstract.
Symfony\Component\DependencyInjection\Compiler\RemoveAbstractDefinitionsPass: Removed service "cache.adapter.memcached"; reason: abstract.
Symfony\Component\DependencyInjection\Compiler\RemoveAbstractDefinitionsPass: Removed service "cache.adapter.pdo"; reason: abstract.
Symfony\Component\DependencyInjection\Compiler\RemoveAbstractDefinitionsPass: Removed service "cache.adapter.array"; reason: abstract.
Symfony\Component\DependencyInjection\Compiler\RemoveAbstractDefinitionsPass: Removed service "doctrine.dbal.logger.chain"; reason: abstract.
Symfony\Component\DependencyInjection\Compiler\RemoveAbstractDefinitionsPass: Removed service "doctrine.dbal.logger.profiling"; reason: abstract.
Symfony\Component\DependencyInjection\Compiler\RemoveAbstractDefinitionsPass: Removed service "doctrine.dbal.logger.backtrace"; reason: abstract.
Symfony\Component\DependencyInjection\Compiler\RemoveAbstractDefinitionsPass: Removed service "doctrine.dbal.connection"; reason: abstract.
Symfony\Component\DependencyInjection\Compiler\RemoveAbstractDefinitionsPass: Removed service "doctrine.dbal.connection.event_manager"; reason: abstract.
Symfony\Component\DependencyInjection\Compiler\RemoveAbstractDefinitionsPass: Removed service "doctrine.dbal.connection.configuration"; reason: abstract.
Symfony\Component\DependencyInjection\Compiler\RemoveAbstractDefinitionsPass: Removed service "doctrine.dbal.schema_asset_filter_manager"; reason: abstract.
Symfony\Component\DependencyInjection\Compiler\RemoveAbstractDefinitionsPass: Removed service "doctrine.orm.configuration"; reason: abstract.
Symfony\Component\DependencyInjection\Compiler\RemoveAbstractDefinitionsPass: Removed service "doctrine.orm.entity_manager.abstract"; reason: abstract.
Symfony\Component\DependencyInjection\Compiler\RemoveAbstractDefinitionsPass: Removed service "doctrine.orm.manager_configurator.abstract"; reason: abstract.
Symfony\Component\DependencyInjection\Compiler\RemoveAbstractDefinitionsPass: Removed service "doctrine.orm.security.user.provider"; reason: abstract.
Symfony\Component\DependencyInjection\Compiler\RemoveAbstractDefinitionsPass: Removed service ".instanceof.Symfony\Contracts\Service\ServiceSubscriberInterface.0.App\UserInterface\Answers\CreateAnswerController"; reason: abstract.
Symfony\Component\DependencyInjection\Compiler\RemoveAbstractDefinitionsPass: Removed service ".instanceof.Symfony\Bundle\FrameworkBundle\Controller\AbstractController.0.App\UserInterface\Answers\CreateAnswerController"; reason: abstract.
Symfony\Component\DependencyInjection\Compiler\RemoveAbstractDefinitionsPass: Removed service ".abstract.instanceof.App\UserInterface\Answers\CreateAnswerController"; reason: abstract.
Symfony\Component\DependencyInjection\Compiler\RemoveAbstractDefinitionsPass: Removed service ".instanceof.Symfony\Contracts\Service\ServiceSubscriberInterface.0.App\UserInterface\Answers\DeleteAnswerController"; reason: abstract.
Symfony\Component\DependencyInjection\Compiler\RemoveAbstractDefinitionsPass: Removed service ".instanceof.Symfony\Bundle\FrameworkBundle\Controller\AbstractController.0.App\UserInterface\Answers\DeleteAnswerController"; reason: abstract.
Symfony\Component\DependencyInjection\Compiler\RemoveAbstractDefinitionsPass: Removed service ".abstract.instanceof.App\UserInterface\Answers\DeleteAnswerController"; reason: abstract.
Symfony\Component\DependencyInjection\Compiler\RemoveAbstractDefinitionsPass: Removed service ".instanceof.Symfony\Contracts\Service\ServiceSubscriberInterface.0.App\UserInterface\Answers\GetSpecificAnswerController"; reason: abstract.
Symfony\Component\DependencyInjection\Compiler\RemoveAbstractDefinitionsPass: Removed service ".instanceof.Symfony\Bundle\FrameworkBundle\Controller\AbstractController.0.App\UserInterface\Answers\GetSpecificAnswerController"; reason: abstract.
Symfony\Component\DependencyInjection\Compiler\RemoveAbstractDefinitionsPass: Removed service ".abstract.instanceof.App\UserInterface\Answers\GetSpecificAnswerController"; reason: abstract.
Symfony\Component\DependencyInjection\Compiler\RemoveAbstractDefinitionsPass: Removed service ".instanceof.Symfony\Contracts\Service\ServiceSubscriberInterface.0.App\UserInterface\Answers\SetAcceptAnswerController"; reason: abstract.
Symfony\Component\DependencyInjection\Compiler\RemoveAbstractDefinitionsPass: Removed service ".instanceof.Symfony\Bundle\FrameworkBundle\Controller\AbstractController.0.App\UserInterface\Answers\SetAcceptAnswerController"; reason: abstract.
Symfony\Component\DependencyInjection\Compiler\RemoveAbstractDefinitionsPass: Removed service ".abstract.instanceof.App\UserInterface\Answers\SetAcceptAnswerController"; reason: abstract.
Symfony\Component\DependencyInjection\Compiler\RemoveAbstractDefinitionsPass: Removed service ".instanceof.Symfony\Contracts\Service\ServiceSubscriberInterface.0.App\UserInterface\Answers\UpdateAnswerController"; reason: abstract.
Symfony\Component\DependencyInjection\Compiler\RemoveAbstractDefinitionsPass: Removed service ".instanceof.Symfony\Bundle\FrameworkBundle\Controller\AbstractController.0.App\UserInterface\Answers\UpdateAnswerController"; reason: abstract.
Symfony\Component\DependencyInjection\Compiler\RemoveAbstractDefinitionsPass: Removed service ".abstract.instanceof.App\UserInterface\Answers\UpdateAnswerController"; reason: abstract.
Symfony\Component\DependencyInjection\Compiler\RemoveAbstractDefinitionsPass: Removed service ".instanceof.Symfony\Contracts\Service\ServiceSubscriberInterface.0.App\UserInterface\Answers\VoteAnswerController"; reason: abstract.
Symfony\Component\DependencyInjection\Compiler\RemoveAbstractDefinitionsPass: Removed service ".instanceof.Symfony\Bundle\FrameworkBundle\Controller\AbstractController.0.App\UserInterface\Answers\VoteAnswerController"; reason: abstract.
Symfony\Component\DependencyInjection\Compiler\RemoveAbstractDefinitionsPass: Removed service ".abstract.instanceof.App\UserInterface\Answers\VoteAnswerController"; reason: abstract.
Symfony\Component\DependencyInjection\Compiler\RemoveAbstractDefinitionsPass: Removed service ".instanceof.Symfony\Component\Console\Command\Command.0.App\UserInterface\Command\UserManagement\OAuth2\OAuth2ClientsCreateCommand"; reason: abstract.
Symfony\Component\DependencyInjection\Compiler\RemoveAbstractDefinitionsPass: Removed service ".abstract.instanceof.App\UserInterface\Command\UserManagement\OAuth2\OAuth2ClientsCreateCommand"; reason: abstract.
Symfony\Component\DependencyInjection\Compiler\RemoveAbstractDefinitionsPass: Removed service ".instanceof.Symfony\Component\Console\Command\Command.0.App\UserInterface\Command\UserManagement\UsersCreateCommand"; reason: abstract.
Symfony\Component\DependencyInjection\Compiler\RemoveAbstractDefinitionsPass: Removed service ".abstract.instanceof.App\UserInterface\Command\UserManagement\UsersCreateCommand"; reason: abstract.
Symfony\Component\DependencyInjection\Compiler\RemoveAbstractDefinitionsPass: Removed service ".instanceof.Symfony\Component\Console\Command\Command.0.App\UserInterface\Command\UserManagement\UsersRemoveCommand"; reason: abstract.
Symfony\Component\DependencyInjection\Compiler\RemoveAbstractDefinitionsPass: Removed service ".abstract.instanceof.App\UserInterface\Command\UserManagement\UsersRemoveCommand"; reason: abstract.
Symfony\Component\DependencyInjection\Compiler\RemoveAbstractDefinitionsPass: Removed service ".instanceof.Symfony\Contracts\Service\ServiceSubscriberInterface.0.App\UserInterface\PagesController"; reason: abstract.
Symfony\Component\DependencyInjection\Compiler\RemoveAbstractDefinitionsPass: Removed service ".instanceof.Symfony\Bundle\FrameworkBundle\Controller\AbstractController.0.App\UserInterface\PagesController"; reason: abstract.
Symfony\Component\DependencyInjection\Compiler\RemoveAbstractDefinitionsPass: Removed service ".abstract.instanceof.App\UserInterface\PagesController"; reason: abstract.
Symfony\Component\DependencyInjection\Compiler\RemoveAbstractDefinitionsPass: Removed service ".instanceof.Symfony\Contracts\Service\ServiceSubscriberInterface.0.App\UserInterface\Questions\CreateQuestionController"; reason: abstract.
Symfony\Component\DependencyInjection\Compiler\RemoveAbstractDefinitionsPass: Removed service ".instanceof.Symfony\Bundle\FrameworkBundle\Controller\AbstractController.0.App\UserInterface\Questions\CreateQuestionController"; reason: abstract.
Symfony\Component\DependencyInjection\Compiler\RemoveAbstractDefinitionsPass: Removed service ".abstract.instanceof.App\UserInterface\Questions\CreateQuestionController"; reason: abstract.
Symfony\Component\DependencyInjection\Compiler\RemoveAbstractDefinitionsPass: Removed service ".instanceof.Symfony\Contracts\Service\ServiceSubscriberInterface.0.App\UserInterface\Questions\DeleteQuestionController"; reason: abstract.
Symfony\Component\DependencyInjection\Compiler\RemoveAbstractDefinitionsPass: Removed service ".instanceof.Symfony\Bundle\FrameworkBundle\Controller\AbstractController.0.App\UserInterface\Questions\DeleteQuestionController"; reason: abstract.
Symfony\Component\DependencyInjection\Compiler\RemoveAbstractDefinitionsPass: Removed service ".abstract.instanceof.App\UserInterface\Questions\DeleteQuestionController"; reason: abstract.
Symfony\Component\DependencyInjection\Compiler\RemoveAbstractDefinitionsPass: Removed service ".instanceof.Symfony\Contracts\Service\ServiceSubscriberInterface.0.App\UserInterface\Questions\GetSpecificQuestionController"; reason: abstract.
Symfony\Component\DependencyInjection\Compiler\RemoveAbstractDefinitionsPass: Removed service ".instanceof.Symfony\Bundle\FrameworkBundle\Controller\AbstractController.0.App\UserInterface\Questions\GetSpecificQuestionController"; reason: abstract.
Symfony\Component\DependencyInjection\Compiler\RemoveAbstractDefinitionsPass: Removed service ".abstract.instanceof.App\UserInterface\Questions\GetSpecificQuestionController"; reason: abstract.
Symfony\Component\DependencyInjection\Compiler\RemoveAbstractDefinitionsPass: Removed service ".instanceof.Symfony\Contracts\Service\ServiceSubscriberInterface.0.App\UserInterface\Questions\QuestionsListController"; reason: abstract.
Symfony\Component\DependencyInjection\Compiler\RemoveAbstractDefinitionsPass: Removed service ".instanceof.Symfony\Bundle\FrameworkBundle\Controller\AbstractController.0.App\UserInterface\Questions\QuestionsListController"; reason: abstract.
Symfony\Component\DependencyInjection\Compiler\RemoveAbstractDefinitionsPass: Removed service ".abstract.instanceof.App\UserInterface\Questions\QuestionsListController"; reason: abstract.
Symfony\Component\DependencyInjection\Compiler\RemoveAbstractDefinitionsPass: Removed service ".instanceof.Symfony\Contracts\Service\ServiceSubscriberInterface.0.App\UserInterface\Questions\UpdateQuestionController"; reason: abstract.
Symfony\Component\DependencyInjection\Compiler\RemoveAbstractDefinitionsPass: Removed service ".instanceof.Symfony\Bundle\FrameworkBundle\Controller\AbstractController.0.App\UserInterface\Questions\UpdateQuestionController"; reason: abstract.
Symfony\Component\DependencyInjection\Compiler\RemoveAbstractDefinitionsPass: Removed service ".abstract.instanceof.App\UserInterface\Questions\UpdateQuestionController"; reason: abstract.
Symfony\Component\DependencyInjection\Compiler\RemoveAbstractDefinitionsPass: Removed service ".instanceof.Symfony\Contracts\Service\ServiceSubscriberInterface.0.App\UserInterface\UserManagement\OAuth2\AuthTokenController"; reason: abstract.
Symfony\Component\DependencyInjection\Compiler\RemoveAbstractDefinitionsPass: Removed service ".instanceof.Symfony\Bundle\FrameworkBundle\Controller\AbstractController.0.App\UserInterface\UserManagement\OAuth2\AuthTokenController"; reason: abstract.
Symfony\Component\DependencyInjection\Compiler\RemoveAbstractDefinitionsPass: Removed service ".abstract.instanceof.App\UserInterface\UserManagement\OAuth2\AuthTokenController"; reason: abstract.
Symfony\Component\DependencyInjection\Compiler\RemoveAbstractDefinitionsPass: Removed service ".instanceof.Symfony\Contracts\Service\ServiceSubscriberInterface.0.App\UserInterface\UserManagement\UserInfoController"; reason: abstract.
Symfony\Component\DependencyInjection\Compiler\RemoveAbstractDefinitionsPass: Removed service ".instanceof.Symfony\Bundle\FrameworkBundle\Controller\AbstractController.0.App\UserInterface\UserManagement\UserInfoController"; reason: abstract.
Symfony\Component\DependencyInjection\Compiler\RemoveAbstractDefinitionsPass: Removed service ".abstract.instanceof.App\UserInterface\UserManagement\UserInfoController"; reason: abstract.
Symfony\Component\DependencyInjection\Compiler\RemoveUnusedDefinitionsPass: Removed service "nyholm.psr7.httplug_factory"; reason: unused.
Symfony\Component\DependencyInjection\Compiler\RemoveUnusedDefinitionsPass: Removed service "App\Application\Answers\AcceptAnswerCommand"; reason: unused.
Symfony\Component\DependencyInjection\Compiler\RemoveUnusedDefinitionsPass: Removed service "App\Application\Answers\AddAnswerCommand"; reason: unused.
Symfony\Component\DependencyInjection\Compiler\RemoveUnusedDefinitionsPass: Removed service "App\Application\Answers\DeleteAnswerCommand"; reason: unused.
Symfony\Component\DependencyInjection\Compiler\RemoveUnusedDefinitionsPass: Removed service "App\Application\Answers\EditAnswerCommand"; reason: unused.
Symfony\Component\DependencyInjection\Compiler\RemoveUnusedDefinitionsPass: Removed service "App\Application\Answers\VoteAnswerCommand"; reason: unused.
Symfony\Component\DependencyInjection\Compiler\RemoveUnusedDefinitionsPass: Removed service "App\Application\Pagination"; reason: unused.
Symfony\Component\DependencyInjection\Compiler\RemoveUnusedDefinitionsPass: Removed service "App\Application\QueryResult"; reason: unused.
Symfony\Component\DependencyInjection\Compiler\RemoveUnusedDefinitionsPass: Removed service "App\Application\Questions\AddQuestionCommand"; reason: unused.
Symfony\Component\DependencyInjection\Compiler\RemoveUnusedDefinitionsPass: Removed service "App\Application\Questions\DeleteQuestionCommand"; reason: unused.
Symfony\Component\DependencyInjection\Compiler\RemoveUnusedDefinitionsPass: Removed service "App\Application\Questions\EditQuestionCommand"; reason: unused.
Symfony\Component\DependencyInjection\Compiler\RemoveUnusedDefinitionsPass: Removed service "App\Application\Questions\UpdateTagsCommand"; reason: unused.
Symfony\Component\DependencyInjection\Compiler\RemoveUnusedDefinitionsPass: Removed service "App\Application\UserManagement\CreateUserCommand"; reason: unused.
Symfony\Component\DependencyInjection\Compiler\RemoveUnusedDefinitionsPass: Removed service "App\Application\UserManagement\DeleteUserCommand"; reason: unused.
Symfony\Component\DependencyInjection\Compiler\RemoveUnusedDefinitionsPass: Removed service "App\Application\UserManagement\OAuth2\CreateClientCommand"; reason: unused.
Symfony\Component\DependencyInjection\Compiler\RemoveUnusedDefinitionsPass: Removed service "App\Domain\Answers\Answer"; reason: unused.
Symfony\Component\DependencyInjection\Compiler\RemoveUnusedDefinitionsPass: Removed service "App\Domain\Answers\Answer\AnswerId"; reason: unused.
Symfony\Component\DependencyInjection\Compiler\RemoveUnusedDefinitionsPass: Removed service "App\Domain\Answers\Events\AnswerWasAccepted"; reason: unused.
Symfony\Component\DependencyInjection\Compiler\RemoveUnusedDefinitionsPass: Removed service "App\Domain\Answers\Events\AnswerWasCreated"; reason: unused.
Symfony\Component\DependencyInjection\Compiler\RemoveUnusedDefinitionsPass: Removed service "App\Domain\Answers\Events\AnswerWasDeleted"; reason: unused.
Symfony\Component\DependencyInjection\Compiler\RemoveUnusedDefinitionsPass: Removed service "App\Domain\Answers\Events\AnswerWasEdited"; reason: unused.
Symfony\Component\DependencyInjection\Compiler\RemoveUnusedDefinitionsPass: Removed service "App\Domain\Answers\Events\AnswerWasVoted"; reason: unused.
Symfony\Component\DependencyInjection\Compiler\RemoveUnusedDefinitionsPass: Removed service "App\Domain\Exceptions\AnswerNotFound"; reason: unused.
Symfony\Component\DependencyInjection\Compiler\RemoveUnusedDefinitionsPass: Removed service "App\Domain\Exceptions\InvalidAnswerOwner"; reason: unused.
Symfony\Component\DependencyInjection\Compiler\RemoveUnusedDefinitionsPass: Removed service "App\Domain\Exceptions\InvalidAnswerState"; reason: unused.
Symfony\Component\DependencyInjection\Compiler\RemoveUnusedDefinitionsPass: Removed service "App\Domain\Exceptions\InvalidQuestionOwner"; reason: unused.
Symfony\Component\DependencyInjection\Compiler\RemoveUnusedDefinitionsPass: Removed service "App\Domain\Exceptions\InvalidQuestionState"; reason: unused.
Symfony\Component\DependencyInjection\Compiler\RemoveUnusedDefinitionsPass: Removed service "App\Domain\Exceptions\InvalidUserVote"; reason: unused.
Symfony\Component\DependencyInjection\Compiler\RemoveUnusedDefinitionsPass: Removed service "App\Domain\Exceptions\QuestionNotFound"; reason: unused.
Symfony\Component\DependencyInjection\Compiler\RemoveUnusedDefinitionsPass: Removed service "App\Domain\Exceptions\SpecificationFailure"; reason: unused.
Symfony\Component\DependencyInjection\Compiler\RemoveUnusedDefinitionsPass: Removed service "App\Domain\Questions\Events\QuestionWasCreated"; reason: unused.
Symfony\Component\DependencyInjection\Compiler\RemoveUnusedDefinitionsPass: Removed service "App\Domain\Questions\Events\QuestionWasDeleted"; reason: unused.
Symfony\Component\DependencyInjection\Compiler\RemoveUnusedDefinitionsPass: Removed service "App\Domain\Questions\Events\QuestionWasEdited"; reason: unused.
Symfony\Component\DependencyInjection\Compiler\RemoveUnusedDefinitionsPass: Removed service "App\Domain\Questions\Events\TagsWereRemoved"; reason: unused.
Symfony\Component\DependencyInjection\Compiler\RemoveUnusedDefinitionsPass: Removed service "App\Domain\Questions\Events\TagsWereUpdated"; reason: unused.
Symfony\Component\DependencyInjection\Compiler\RemoveUnusedDefinitionsPass: Removed service "App\Domain\Questions\Question"; reason: unused.
Symfony\Component\DependencyInjection\Compiler\RemoveUnusedDefinitionsPass: Removed service "App\Domain\Questions\Question\QuestionId"; reason: unused.
Symfony\Component\DependencyInjection\Compiler\RemoveUnusedDefinitionsPass: Removed service "App\Domain\Questions\Tag"; reason: unused.
Symfony\Component\DependencyInjection\Compiler\RemoveUnusedDefinitionsPass: Removed service "App\Domain\Questions\Tag\TagId"; reason: unused.
Symfony\Component\DependencyInjection\Compiler\RemoveUnusedDefinitionsPass: Removed service "App\Domain\UserManagement\OAuth2\AccessToken"; reason: unused.
Symfony\Component\DependencyInjection\Compiler\RemoveUnusedDefinitionsPass: Removed service "App\Domain\UserManagement\OAuth2\Client"; reason: unused.
Symfony\Component\DependencyInjection\Compiler\RemoveUnusedDefinitionsPass: Removed service "App\Domain\UserManagement\OAuth2\RefreshToken"; reason: unused.
Symfony\Component\DependencyInjection\Compiler\RemoveUnusedDefinitionsPass: Removed service "App\Domain\UserManagement\OAuth2\Scope"; reason: unused.
Symfony\Component\DependencyInjection\Compiler\RemoveUnusedDefinitionsPass: Removed service "App\Domain\UserManagement\User\Email"; reason: unused.
Symfony\Component\DependencyInjection\Compiler\RemoveUnusedDefinitionsPass: Removed service "App\Domain\UserManagement\User\Password"; reason: unused.
Symfony\Component\DependencyInjection\Compiler\RemoveUnusedDefinitionsPass: Removed service "App\Domain\UserManagement\User\UserId"; reason: unused.
Symfony\Component\DependencyInjection\Compiler\RemoveUnusedDefinitionsPass: Removed service "App\Infrastructure\CommandBus\ClassNameHandlerLocator"; reason: unused.
Symfony\Component\DependencyInjection\Compiler\RemoveUnusedDefinitionsPass: Removed service "App\Infrastructure\HttpKernel\Oauth2Exception"; reason: unused.
Symfony\Component\DependencyInjection\Compiler\RemoveUnusedDefinitionsPass: Removed service "App\Infrastructure\Persistence\Doctrine\Answers\DoctrineAnswerId"; reason: unused.
Symfony\Component\DependencyInjection\Compiler\RemoveUnusedDefinitionsPass: Removed service "App\Infrastructure\Persistence\Doctrine\Questions\DoctrineDeleteOrphanTagsListener"; reason: unused.
Symfony\Component\DependencyInjection\Compiler\RemoveUnusedDefinitionsPass: Removed service "App\Infrastructure\Persistence\Doctrine\Questions\DoctrineQuestionId"; reason: unused.
Symfony\Component\DependencyInjection\Compiler\RemoveUnusedDefinitionsPass: Removed service "App\Infrastructure\Persistence\Doctrine\Questions\DoctrineQuestionsListQuery"; reason: unused.
Symfony\Component\DependencyInjection\Compiler\RemoveUnusedDefinitionsPass: Removed service "App\Infrastructure\Persistence\Doctrine\Questions\DoctrineTagId"; reason: unused.
Symfony\Component\DependencyInjection\Compiler\RemoveUnusedDefinitionsPass: Removed service "App\Infrastructure\Persistence\Doctrine\UserManagement\User\DoctrineEmail"; reason: unused.
Symfony\Component\DependencyInjection\Compiler\RemoveUnusedDefinitionsPass: Removed service "App\Infrastructure\Persistence\Doctrine\UserManagement\User\DoctrinePassword"; reason: unused.
Symfony\Component\DependencyInjection\Compiler\RemoveUnusedDefinitionsPass: Removed service "App\Infrastructure\Persistence\Doctrine\UserManagement\User\DoctrineUserId"; reason: unused.
Symfony\Component\DependencyInjection\Compiler\RemoveUnusedDefinitionsPass: Removed service "url_helper"; reason: unused.
Symfony\Component\DependencyInjection\Compiler\RemoveUnusedDefinitionsPass: Removed service "uri_signer"; reason: unused.
Symfony\Component\DependencyInjection\Compiler\RemoveUnusedDefinitionsPass: Removed service "reverse_container"; reason: unused.
Symfony\Component\DependencyInjection\Compiler\RemoveUnusedDefinitionsPass: Removed service "slugger"; reason: unused.
Symfony\Component\DependencyInjection\Compiler\RemoveUnusedDefinitionsPass: Removed service "fragment.handler"; reason: unused.
Symfony\Component\DependencyInjection\Compiler\RemoveUnusedDefinitionsPass: Removed service "fragment.renderer.inline"; reason: unused.
Symfony\Component\DependencyInjection\Compiler\RemoveUnusedDefinitionsPass: Removed service "cache.app.taggable"; reason: unused.
Symfony\Component\DependencyInjection\Compiler\RemoveUnusedDefinitionsPass: Removed service "cache.validator"; reason: unused.
Symfony\Component\DependencyInjection\Compiler\RemoveUnusedDefinitionsPass: Removed service "cache.serializer"; reason: unused.
Symfony\Component\DependencyInjection\Compiler\RemoveUnusedDefinitionsPass: Removed service "cache.property_info"; reason: unused.
Symfony\Component\DependencyInjection\Compiler\RemoveUnusedDefinitionsPass: Removed service "cache.messenger.restart_workers_signal"; reason: unused.
Symfony\Component\DependencyInjection\Compiler\RemoveUnusedDefinitionsPass: Removed service ".cache_connection.GD_MSZC"; reason: unused.
Symfony\Component\DependencyInjection\Compiler\RemoveUnusedDefinitionsPass: Removed service ".cache_connection.JKE6keX"; reason: unused.
Symfony\Component\DependencyInjection\Compiler\RemoveUnusedDefinitionsPass: Removed service ".1_NativeFileSessionHandler~MP8cgUV"; reason: unused.
Symfony\Component\DependencyInjection\Compiler\RemoveUnusedDefinitionsPass: Removed service "session.storage.php_bridge"; reason: unused.
Symfony\Component\DependencyInjection\Compiler\RemoveUnusedDefinitionsPass: Removed service "session.storage.mock_file"; reason: unused.
Symfony\Component\DependencyInjection\Compiler\RemoveUnusedDefinitionsPass: Removed service "session.handler.native_file"; reason: unused.
Symfony\Component\DependencyInjection\Compiler\RemoveUnusedDefinitionsPass: Removed service "session.abstract_handler"; reason: unused.
Symfony\Component\DependencyInjection\Compiler\RemoveUnusedDefinitionsPass: Removed service "annotations.filesystem_cache"; reason: unused.
Symfony\Component\DependencyInjection\Compiler\RemoveUnusedDefinitionsPass: Removed service "mime_types"; reason: unused.
Symfony\Component\DependencyInjection\Compiler\RemoveUnusedDefinitionsPass: Removed service "sensio_framework_extra.view.guesser"; reason: unused.
Symfony\Component\DependencyInjection\Compiler\RemoveUnusedDefinitionsPass: Removed service "data_collector.doctrine"; reason: unused.
Symfony\Component\DependencyInjection\Compiler\RemoveUnusedDefinitionsPass: Removed service "doctrine.twig.doctrine_extension"; reason: unused.
Symfony\Component\DependencyInjection\Compiler\RemoveUnusedDefinitionsPass: Removed service "doctrine.dbal.well_known_schema_asset_filter"; reason: unused.
Symfony\Component\DependencyInjection\Compiler\RemoveUnusedDefinitionsPass: Removed service ".1_ServiceLocator~vwKMcBj"; reason: unused.
Symfony\Component\DependencyInjection\Compiler\RemoveUnusedDefinitionsPass: Removed service "form.type_guesser.doctrine"; reason: unused.
Symfony\Component\DependencyInjection\Compiler\RemoveUnusedDefinitionsPass: Removed service "form.type.entity"; reason: unused.
Symfony\Component\DependencyInjection\Compiler\RemoveUnusedDefinitionsPass: Removed service "doctrine.orm.validator.unique"; reason: unused.
Symfony\Component\DependencyInjection\Compiler\RemoveUnusedDefinitionsPass: Removed service "doctrine.orm.validator_initializer"; reason: unused.
Symfony\Component\DependencyInjection\Compiler\RemoveUnusedDefinitionsPass: Removed service "doctrine.orm.listeners.resolve_target_entity"; reason: unused.
Symfony\Component\DependencyInjection\Compiler\RemoveUnusedDefinitionsPass: Removed service "doctrine.orm.naming_strategy.default"; reason: unused.
Symfony\Component\DependencyInjection\Compiler\RemoveUnusedDefinitionsPass: Removed service "doctrine.orm.naming_strategy.underscore"; reason: unused.
Symfony\Component\DependencyInjection\Compiler\RemoveUnusedDefinitionsPass: Removed service "doctrine.orm.quote_strategy.ansi"; reason: unused.
Symfony\Component\DependencyInjection\Compiler\RemoveUnusedDefinitionsPass: Removed service "doctrine.orm.default_entity_manager.validator_loader"; reason: unused.
Symfony\Component\DependencyInjection\Compiler\RemoveUnusedDefinitionsPass: Removed service ".service_locator.Khw2.YU"; reason: unused.
Symfony\Component\DependencyInjection\Compiler\RemoveUnusedDefinitionsPass: Removed service ".service_locator._cmka45"; reason: unused.
Symfony\Component\DependencyInjection\Compiler\RemoveUnusedDefinitionsPass: Removed service ".service_locator.wnlveDj"; reason: unused.
Symfony\Component\DependencyInjection\Compiler\InlineServiceDefinitionsPass: Inlined service "App\Domain\Votes\Specification\UserVote" to "App\Application\Answers\VoteAnswerHandler".
Symfony\Component\DependencyInjection\Compiler\InlineServiceDefinitionsPass: Inlined service "App\Infrastructure\Persistence\Doctrine\Questions\DoctrineTagsRepository" to "App\Application\Questions\UpdateTagsHandler".
Symfony\Component\DependencyInjection\Compiler\InlineServiceDefinitionsPass: Inlined service "League\OAuth2\Server\ResourceServer" to "App\Infrastructure\HttpKernel\EventListener\ControllerListener".
Symfony\Component\DependencyInjection\Compiler\InlineServiceDefinitionsPass: Inlined service ".service_locator.SXie53V.App\UserInterface\Answers\CreateAnswerController" to "App\UserInterface\Answers\CreateAnswerController".
Symfony\Component\DependencyInjection\Compiler\InlineServiceDefinitionsPass: Inlined service ".service_locator.SXie53V.App\UserInterface\Answers\DeleteAnswerController" to "App\UserInterface\Answers\DeleteAnswerController".
Symfony\Component\DependencyInjection\Compiler\InlineServiceDefinitionsPass: Inlined service ".service_locator.SXie53V.App\UserInterface\Answers\GetSpecificAnswerController" to "App\UserInterface\Answers\GetSpecificAnswerController".
Symfony\Component\DependencyInjection\Compiler\InlineServiceDefinitionsPass: Inlined service ".service_locator.SXie53V.App\UserInterface\Answers\SetAcceptAnswerController" to "App\UserInterface\Answers\SetAcceptAnswerController".
Symfony\Component\DependencyInjection\Compiler\InlineServiceDefinitionsPass: Inlined service ".service_locator.SXie53V.App\UserInterface\Answers\UpdateAnswerController" to "App\UserInterface\Answers\UpdateAnswerController".
Symfony\Component\DependencyInjection\Compiler\InlineServiceDefinitionsPass: Inlined service ".service_locator.SXie53V.App\UserInterface\Answers\VoteAnswerController" to "App\UserInterface\Answers\VoteAnswerController".
Symfony\Component\DependencyInjection\Compiler\InlineServiceDefinitionsPass: Inlined service ".service_locator.SXie53V.App\UserInterface\PagesController" to "App\UserInterface\PagesController".
Symfony\Component\DependencyInjection\Compiler\InlineServiceDefinitionsPass: Inlined service ".service_locator.SXie53V.App\UserInterface\Questions\CreateQuestionController" to "App\UserInterface\Questions\CreateQuestionController".
Symfony\Component\DependencyInjection\Compiler\InlineServiceDefinitionsPass: Inlined service ".service_locator.SXie53V.App\UserInterface\Questions\DeleteQuestionController" to "App\UserInterface\Questions\DeleteQuestionController".
Symfony\Component\DependencyInjection\Compiler\InlineServiceDefinitionsPass: Inlined service ".service_locator.SXie53V.App\UserInterface\Questions\GetSpecificQuestionController" to "App\UserInterface\Questions\GetSpecificQuestionController".
Symfony\Component\DependencyInjection\Compiler\InlineServiceDefinitionsPass: Inlined service "App\Application\Questions\QuestionsListQuery" to "App\UserInterface\Questions\QuestionsListController".
Symfony\Component\DependencyInjection\Compiler\InlineServiceDefinitionsPass: Inlined service ".service_locator.SXie53V.App\UserInterface\Questions\QuestionsListController" to "App\UserInterface\Questions\QuestionsListController".
Symfony\Component\DependencyInjection\Compiler\InlineServiceDefinitionsPass: Inlined service ".service_locator.SXie53V.App\UserInterface\Questions\UpdateQuestionController" to "App\UserInterface\Questions\UpdateQuestionController".
Symfony\Component\DependencyInjection\Compiler\InlineServiceDefinitionsPass: Inlined service "League\OAuth2\Server\AuthorizationServer" to "App\UserInterface\UserManagement\OAuth2\AuthTokenController".
Symfony\Component\DependencyInjection\Compiler\InlineServiceDefinitionsPass: Inlined service ".service_locator.SXie53V.App\UserInterface\UserManagement\OAuth2\AuthTokenController" to "App\UserInterface\UserManagement\OAuth2\AuthTokenController".
Symfony\Component\DependencyInjection\Compiler\InlineServiceDefinitionsPass: Inlined service ".service_locator.SXie53V.App\UserInterface\UserManagement\UserInfoController" to "App\UserInterface\UserManagement\UserInfoController".
Symfony\Component\DependencyInjection\Compiler\InlineServiceDefinitionsPass: Inlined service "App\Infrastructure\Persistence\Doctrine\UserManagement\OAuth2\DoctrineScopesRepository" to "League\OAuth2\Server\AuthorizationServer".
Symfony\Component\DependencyInjection\Compiler\InlineServiceDefinitionsPass: Inlined service "oauth2.password.grant" to "League\OAuth2\Server\AuthorizationServer".
Symfony\Component\DependencyInjection\Compiler\InlineServiceDefinitionsPass: Inlined service "access.token.ttl" to "League\OAuth2\Server\AuthorizationServer".
Symfony\Component\DependencyInjection\Compiler\InlineServiceDefinitionsPass: Inlined service "oauth2.refresh.token.grant" to "League\OAuth2\Server\AuthorizationServer".
Symfony\Component\DependencyInjection\Compiler\InlineServiceDefinitionsPass: Inlined service "access.token.ttl" to "League\OAuth2\Server\AuthorizationServer".
Symfony\Component\DependencyInjection\Compiler\InlineServiceDefinitionsPass: Inlined service "command.bus.middleware" to "League\Tactician\CommandBus".
Symfony\Component\DependencyInjection\Compiler\InlineServiceDefinitionsPass: Inlined service "command.bus.name.extractor" to "command.bus.middleware".
Symfony\Component\DependencyInjection\Compiler\InlineServiceDefinitionsPass: Inlined service "command.bus.method.name.inflector" to "command.bus.middleware".
Symfony\Component\DependencyInjection\Compiler\InlineServiceDefinitionsPass: Inlined service "error_handler.error_renderer.html" to "error_controller".
Symfony\Component\DependencyInjection\Compiler\InlineServiceDefinitionsPass: Inlined service "debug.controller_resolver" to "http_kernel".
Symfony\Component\DependencyInjection\Compiler\InlineServiceDefinitionsPass: Inlined service "debug.argument_resolver" to "http_kernel".
Symfony\Component\DependencyInjection\Compiler\InlineServiceDefinitionsPass: Inlined service ".1_~XcD__EY" to "error_handler.error_renderer.html".
Symfony\Component\DependencyInjection\Compiler\InlineServiceDefinitionsPass: Inlined service ".2_~XcD__EY" to "error_handler.error_renderer.html".
Symfony\Component\DependencyInjection\Compiler\InlineServiceDefinitionsPass: Inlined service "cache.default_marshaller" to "cache.app".
Symfony\Component\DependencyInjection\Compiler\InlineServiceDefinitionsPass: Inlined service "session.attribute_bag" to "session".
Symfony\Component\DependencyInjection\Compiler\InlineServiceDefinitionsPass: Inlined service "session.flash_bag" to "session".
Symfony\Component\DependencyInjection\Compiler\InlineServiceDefinitionsPass: Inlined service "session.storage.metadata_bag" to "session.storage.native".
Symfony\Component\DependencyInjection\Compiler\InlineServiceDefinitionsPass: Inlined service ".service_locator.Bppmeg3" to "session_listener".
Symfony\Component\DependencyInjection\Compiler\InlineServiceDefinitionsPass: Inlined service "debug.controller_resolver.inner" to "debug.controller_resolver".
Symfony\Component\DependencyInjection\Compiler\InlineServiceDefinitionsPass: Inlined service "debug.argument_resolver.inner" to "debug.argument_resolver".
Symfony\Component\DependencyInjection\Compiler\InlineServiceDefinitionsPass: Inlined service "routing.loader.xml" to "routing.resolver".
Symfony\Component\DependencyInjection\Compiler\InlineServiceDefinitionsPass: Inlined service "routing.loader.yml" to "routing.resolver".
Symfony\Component\DependencyInjection\Compiler\InlineServiceDefinitionsPass: Inlined service "routing.loader.php" to "routing.resolver".
Symfony\Component\DependencyInjection\Compiler\InlineServiceDefinitionsPass: Inlined service "routing.loader.glob" to "routing.resolver".
Symfony\Component\DependencyInjection\Compiler\InlineServiceDefinitionsPass: Inlined service "routing.loader.directory" to "routing.resolver".
Symfony\Component\DependencyInjection\Compiler\InlineServiceDefinitionsPass: Inlined service "routing.loader.container" to "routing.resolver".
Symfony\Component\DependencyInjection\Compiler\InlineServiceDefinitionsPass: Inlined service "routing.loader.annotation.directory" to "routing.resolver".
Symfony\Component\DependencyInjection\Compiler\InlineServiceDefinitionsPass: Inlined service "routing.loader.annotation.file" to "routing.resolver".
Symfony\Component\DependencyInjection\Compiler\InlineServiceDefinitionsPass: Inlined service ".service_locator.XwZNkPh" to "routing.loader.container".
Symfony\Component\DependencyInjection\Compiler\InlineServiceDefinitionsPass: Inlined service "routing.resolver" to "routing.loader".
Symfony\Component\DependencyInjection\Compiler\InlineServiceDefinitionsPass: Inlined service ".service_locator.m90YCjy.router.cache_warmer" to "router.cache_warmer".
Symfony\Component\DependencyInjection\Compiler\InlineServiceDefinitionsPass: Inlined service "annotations.dummy_registry" to "annotations.reader".
Symfony\Component\DependencyInjection\Compiler\InlineServiceDefinitionsPass: Inlined service ".1_ArrayCache~nlf._dZ" to "annotations.cached_reader".
Symfony\Component\DependencyInjection\Compiler\InlineServiceDefinitionsPass: Inlined service ".2_PhpArrayAdapter~nlf._dZ" to "annotations.cache".
Symfony\Component\DependencyInjection\Compiler\InlineServiceDefinitionsPass: Inlined service "sensio_framework_extra.converter.manager" to "sensio_framework_extra.converter.listener".
Symfony\Component\DependencyInjection\Compiler\InlineServiceDefinitionsPass: Inlined service "sensio_framework_extra.converter.doctrine.orm" to "sensio_framework_extra.converter.manager".
Symfony\Component\DependencyInjection\Compiler\InlineServiceDefinitionsPass: Inlined service "framework_extra_bundle.date_time_param_converter" to "sensio_framework_extra.converter.manager".
Symfony\Component\DependencyInjection\Compiler\InlineServiceDefinitionsPass: Inlined service "framework_extra_bundle.argument_name_convertor" to "framework_extra_bundle.event.is_granted".
Symfony\Component\DependencyInjection\Compiler\InlineServiceDefinitionsPass: Inlined service "nyholm.psr7.psr17_factory" to "sensio_framework_extra.psr7.http_message_factory".
Symfony\Component\DependencyInjection\Compiler\InlineServiceDefinitionsPass: Inlined service "nyholm.psr7.psr17_factory" to "sensio_framework_extra.psr7.http_message_factory".
Symfony\Component\DependencyInjection\Compiler\InlineServiceDefinitionsPass: Inlined service "nyholm.psr7.psr17_factory" to "sensio_framework_extra.psr7.http_message_factory".
Symfony\Component\DependencyInjection\Compiler\InlineServiceDefinitionsPass: Inlined service "nyholm.psr7.psr17_factory" to "sensio_framework_extra.psr7.http_message_factory".
Symfony\Component\DependencyInjection\Compiler\InlineServiceDefinitionsPass: Inlined service "sensio_framework_extra.psr7.http_foundation_factory" to "sensio_framework_extra.psr7.listener.response".
Symfony\Component\DependencyInjection\Compiler\InlineServiceDefinitionsPass: Inlined service "doctrine.dbal.logger.chain.default" to "doctrine.dbal.default_connection.configuration".
Symfony\Component\DependencyInjection\Compiler\InlineServiceDefinitionsPass: Inlined service "doctrine.dbal.logger" to "doctrine.dbal.logger.chain.default".
Symfony\Component\DependencyInjection\Compiler\InlineServiceDefinitionsPass: Inlined service "doctrine.dbal.logger.profiling.default" to "doctrine.dbal.logger.chain.default".
Symfony\Component\DependencyInjection\Compiler\InlineServiceDefinitionsPass: Inlined service ".service_locator.bpvU51K" to "doctrine.dbal.default_connection.event_manager".
Symfony\Component\DependencyInjection\Compiler\InlineServiceDefinitionsPass: Inlined service "doctrine.dbal.default_connection.configuration" to "doctrine.dbal.default_connection".
Symfony\Component\DependencyInjection\Compiler\InlineServiceDefinitionsPass: Inlined service "doctrine.dbal.default_connection.event_manager" to "doctrine.dbal.default_connection".
Symfony\Component\DependencyInjection\Compiler\InlineServiceDefinitionsPass: Inlined service "doctrine.dbal.connection_factory" to "doctrine.dbal.default_connection".
Symfony\Component\DependencyInjection\Compiler\InlineServiceDefinitionsPass: Inlined service ".service_locator.I3K77mT" to "doctrine.orm.container_repository_factory".
Symfony\Component\DependencyInjection\Compiler\InlineServiceDefinitionsPass: Inlined service "doctrine.orm.cache.provider.cache.doctrine.orm.default.metadata" to "doctrine.orm.default_configuration".
Symfony\Component\DependencyInjection\Compiler\InlineServiceDefinitionsPass: Inlined service "doctrine.orm.cache.provider.cache.doctrine.orm.default.query" to "doctrine.orm.default_configuration".
Symfony\Component\DependencyInjection\Compiler\InlineServiceDefinitionsPass: Inlined service "doctrine.orm.cache.provider.cache.doctrine.orm.default.result" to "doctrine.orm.default_configuration".
Symfony\Component\DependencyInjection\Compiler\InlineServiceDefinitionsPass: Inlined service "doctrine.orm.default_metadata_driver" to "doctrine.orm.default_configuration".
Symfony\Component\DependencyInjection\Compiler\InlineServiceDefinitionsPass: Inlined service "doctrine.orm.naming_strategy.underscore_number_aware" to "doctrine.orm.default_configuration".
Symfony\Component\DependencyInjection\Compiler\InlineServiceDefinitionsPass: Inlined service "doctrine.orm.quote_strategy.default" to "doctrine.orm.default_configuration".
Symfony\Component\DependencyInjection\Compiler\InlineServiceDefinitionsPass: Inlined service "doctrine.orm.default_entity_listener_resolver" to "doctrine.orm.default_configuration".
Symfony\Component\DependencyInjection\Compiler\InlineServiceDefinitionsPass: Inlined service "doctrine.orm.container_repository_factory" to "doctrine.orm.default_configuration".
Symfony\Component\DependencyInjection\Compiler\InlineServiceDefinitionsPass: Inlined service "doctrine.orm.default_annotation_metadata_driver" to "doctrine.orm.default_metadata_driver".
Symfony\Component\DependencyInjection\Compiler\InlineServiceDefinitionsPass: Inlined service "doctrine.orm.default_configuration" to "doctrine.orm.default_entity_manager".
Symfony\Component\DependencyInjection\Compiler\InlineServiceDefinitionsPass: Inlined service "doctrine.orm.default_manager_configurator" to "doctrine.orm.default_entity_manager".
Symfony\Component\DependencyInjection\Compiler\InlineServiceDefinitionsPass: Inlined service "debug.argument_resolver.request_attribute.inner" to "debug.argument_resolver.request_attribute".
Symfony\Component\DependencyInjection\Compiler\InlineServiceDefinitionsPass: Inlined service "debug.argument_resolver.request.inner" to "debug.argument_resolver.request".
Symfony\Component\DependencyInjection\Compiler\InlineServiceDefinitionsPass: Inlined service "debug.argument_resolver.session.inner" to "debug.argument_resolver.session".
Symfony\Component\DependencyInjection\Compiler\InlineServiceDefinitionsPass: Inlined service "debug.sensio_framework_extra.psr7.argument_value_resolver.server_request.inner" to "debug.sensio_framework_extra.psr7.argument_value_resolver.server_request".
Symfony\Component\DependencyInjection\Compiler\InlineServiceDefinitionsPass: Inlined service "debug.argument_resolver.service.inner" to "debug.argument_resolver.service".
Symfony\Component\DependencyInjection\Compiler\InlineServiceDefinitionsPass: Inlined service "debug.argument_resolver.default.inner" to "debug.argument_resolver.default".
Symfony\Component\DependencyInjection\Compiler\InlineServiceDefinitionsPass: Inlined service "debug.argument_resolver.variadic.inner" to "debug.argument_resolver.variadic".
Symfony\Component\DependencyInjection\Compiler\InlineServiceDefinitionsPass: Inlined service "debug.argument_resolver.not_tagged_controller.inner" to "debug.argument_resolver.not_tagged_controller".
Symfony\Component\DependencyInjection\Compiler\InlineServiceDefinitionsPass: Inlined service ".service_locator.YrZrpzt" to ".service_locator.YrZrpzt.router.default".
Symfony\Component\DependencyInjection\Compiler\InlineServiceDefinitionsPass: Inlined service ".service_locator.m90YCjy" to ".service_locator.m90YCjy.router.cache_warmer".
Symfony\Component\DependencyInjection\Compiler\InlineServiceDefinitionsPass: Inlined service "sensio_framework_extra.psr7.http_message_factory" to "debug.sensio_framework_extra.psr7.argument_value_resolver.server_request.inner".
Symfony\Component\DependencyInjection\Compiler\InlineServiceDefinitionsPass: Inlined service ".service_locator.zzLktFn" to "console.command_loader".
Symfony\Component\DependencyInjection\Compiler\InlineServiceDefinitionsPass: Inlined service ".service_locator.YrZrpzt.router.default" to "router".
Symfony\Component\DependencyInjection\Compiler\InlineServiceDefinitionsPass: Inlined service "config_cache_factory" to "router".
Symfony\Component\DependencyInjection\Compiler\InlineServiceDefinitionsPass: Inlined service "debug.event_dispatcher.inner" to "event_dispatcher".
Symfony\Component\DependencyInjection\Compiler\InlineServiceDefinitionsPass: Inlined service "App\Infrastructure\Persistence\Doctrine\UserManagement\OAuth2\DoctrineRefreshTokensRepository" to "App\UserInterface\UserManagement\OAuth2\AuthTokenController".
Symfony\Component\DependencyInjection\Compiler\InlineServiceDefinitionsPass: Inlined service "refresh.token.ttl" to "App\UserInterface\UserManagement\OAuth2\AuthTokenController".
Symfony\Component\DependencyInjection\Compiler\InlineServiceDefinitionsPass: Inlined service "App\Infrastructure\Persistence\Doctrine\UserManagement\OAuth2\DoctrineRefreshTokensRepository" to "App\UserInterface\UserManagement\OAuth2\AuthTokenController".
Symfony\Component\DependencyInjection\Compiler\InlineServiceDefinitionsPass: Inlined service "refresh.token.ttl" to "App\UserInterface\UserManagement\OAuth2\AuthTokenController".
Symfony\Component\DependencyInjection\Compiler\InlineServiceDefinitionsPass: Inlined service "file_locator" to "routing.loader".
Symfony\Component\DependencyInjection\Compiler\InlineServiceDefinitionsPass: Inlined service "file_locator" to "routing.loader".
Symfony\Component\DependencyInjection\Compiler\InlineServiceDefinitionsPass: Inlined service "file_locator" to "routing.loader".
Symfony\Component\DependencyInjection\Compiler\InlineServiceDefinitionsPass: Inlined service "file_locator" to "routing.loader".
Symfony\Component\DependencyInjection\Compiler\InlineServiceDefinitionsPass: Inlined service "file_locator" to "routing.loader".
Symfony\Component\DependencyInjection\Compiler\InlineServiceDefinitionsPass: Inlined service "routing.loader.annotation" to "routing.loader".
Symfony\Component\DependencyInjection\Compiler\InlineServiceDefinitionsPass: Inlined service "file_locator" to "routing.loader".
Symfony\Component\DependencyInjection\Compiler\InlineServiceDefinitionsPass: Inlined service "routing.loader.annotation" to "routing.loader".
Symfony\Component\DependencyInjection\Compiler\InlineServiceDefinitionsPass: Inlined service "file_locator" to "routing.loader".
Symfony\Component\DependencyInjection\Compiler\InlineServiceDefinitionsPass: Inlined service "routing.loader.annotation" to "routing.loader".
Symfony\Bundle\FrameworkBundle\DependencyInjection\Compiler\UnusedTagsPass: Tag "command_handler" was defined on service(s) "App\Application\Answers\AcceptAnswerHandler", "App\Application\Answers\AddAnswerHandler", "App\Application\Answers\DeleteAnswerHandler", "App\Application\Answers\EditAnswerHandler", "App\Application\Answers\VoteAnswerHandler", "App\Application\Questions\AddQuestionHandler", "App\Application\Questions\DeleteQuestionHandler", "App\Application\Questions\EditQuestionHandler", "App\Application\Questions\UpdateTagsHandler", "App\Application\UserManagement\CreateUserHandler", "App\Application\UserManagement\DeleteUserHandler", "App\Application\UserManagement\OAuth2\CreateClientHandler", but was never used.